<?xml version="1.0" encoding="UTF-8"?>
<!-- Generated by org.testng.reporters.JUnitXMLReporter -->
<testsuite hostname="DESKTOP-S5FALKS" ignored="0" name="Test" tests="1" failures="1" timestamp="05 May 2020 14:13:27 GMT" time="0.046" errors="0">
  <testcase name="Gd" time="0.0" classname="com.ebanking.master.Grid">
    <failure type="org.testng.TestNGException" message="
Cannot inject @Test annotated Method [Gd] with [class java.lang.String].
For more information on native dependency injection please refer to http://testng.org/doc/documentation-main.html#native-dependency-injection">
      <![CDATA[org.testng.TestNGException: 
Cannot inject @Test annotated Method [Gd] with [class java.lang.String].
For more information on native dependency injection please refer to http://testng.org/doc/documentation-main.html#native-dependency-injection
... Removed 24 stack frames]]>
    </failure>
  </testcase> <!-- Gd -->
</testsuite> <!-- Test -->
